1694322154031	geckodriver	INFO	Listening on 127.0.0.1:62912
1694322154549	mozrunner::runner	INFO	Running command: MOZ_CRASHREPORTER="1" MOZ_CRASHREPORTER_NO_REPORT="1" MOZ_CRASHREPORTER_SHUTDOWN="1" MOZ_NO_REMOTE="1" "/App ... s" "localhost" "-foreground" "-no-remote" "-profile" "/var/folders/qr/nq2ty72d1w3g3lmj40sdm5nr0000gn/T/rust_mozprofiletcjT4F"
console.warn: services.settings: Ignoring preference override of remote settings server
console.warn: services.settings: Allow by setting MOZ_REMOTE_SETTINGS_DEVTOOLS=1 in the environment
1694322154872	Marionette	INFO	Marionette enabled
console.error: "Warning: unrecognized command line flag -remote-allow-hosts\n"
2023-09-10 15:02:34.971 plugin-container[1518:6921719] nil host used in call to allowsSpecificHTTPSCertificateForHost
2023-09-10 15:02:34.971 plugin-container[1518:6921719] nil host used in call to allowsAnyHTTPSCertificateForHost:
2023-09-10 15:02:34.974 plugin-container[1518:6921719] nil host used in call to allowsSpecificHTTPSCertificateForHost
2023-09-10 15:02:34.974 plugin-container[1518:6921719] nil host used in call to allowsAnyHTTPSCertificateForHost:
2023-09-10 15:02:34.975 plugin-container[1518:6921721] nil host used in call to allowsSpecificHTTPSCertificateForHost
2023-09-10 15:02:34.975 plugin-container[1518:6921721] nil host used in call to allowsAnyHTTPSCertificateForHost:
1694322154981	Marionette	INFO	Listening on port 62929
WebDriver BiDi listening on ws://127.0.0.1:62913
Read port: 62929
1694322155141	RemoteAgent	WARN	TLS certificate errors will be ignored for this session
UNSUPPORTED (log once): POSSIBLE ISSUE: unit 1 GLD_TEXTURE_INDEX_2D is unloadable and bound to sampler type (Float) - using zero texture because texture unloadable
DevTools listening on ws://127.0.0.1:62913/devtools/browser/c97d812a-5bda-46e8-9b39-6abfbdd16267
JavaScript warning: https://static.cdninstagram.com/rsrc.php/v3iZsx4/ye/l/en_US/G_dEvDCugK1.js?_nc_x=Ij3Wp8lg5Kz, line 129: WEBGL_debug_renderer_info is deprecated in Firefox and will be removed. Please use RENDERER.
console.warn: LoginRecipes: "Falling back to a synchronous message for: https://www.instagram.com."
console.warn: LoginRecipes: "Falling back to a synchronous message for: https://www.instagram.com."
JavaScript warning: https://static.cdninstagram.com/rsrc.php/v3iZsx4/yO/l/makehaste_jhash/G_dEvDCugK1.js?_nc_x=Ij3Wp8lg5Kz, line 129: WEBGL_debug_renderer_info is deprecated in Firefox and will be removed. Please use RENDERER.
console.warn: LoginRecipes: "Falling back to a synchronous message for: https://www.instagram.com."
1694322178194	Marionette	INFO	Stopped listening on port 62929
console.warn: TopSitesFeed: Failed to fetch data from Contile server: NetworkError when attempting to fetch resource.
